{"/Users/ankit/React Project/star-wars/src/components/BackButton.tsx": {"path":"/Users/ankit/React Project/star-wars/src/components/BackButton.tsx","statementMap":{"0":{"start":{"line":5,"column":19},"end":{"line":13,"column":1}},"1":{"start":{"line":6,"column":21},"end":{"line":6,"column":34}},"2":{"start":{"line":8,"column":4},"end":{"line":12,"column":6}},"3":{"start":{"line":9,"column":74},"end":{"line":9,"column":86}}},"fnMap":{"0":{"name":"(anonymous_0)","decl":{"start":{"line":5,"column":19},"end":{"line":5,"column":20}},"loc":{"start":{"line":5,"column":25},"end":{"line":13,"column":1}},"line":5},"1":{"name":"(anonymous_1)","decl":{"start":{"line":9,"column":68},"end":{"line":9,"column":69}},"loc":{"start":{"line":9,"column":74},"end":{"line":9,"column":86}},"line":9}},"branchMap":{},"s":{"0":2,"1":26,"2":26,"3":1},"f":{"0":26,"1":1},"b":{},"_coverageSchema":"1a1c01bbd47fc00a2c39e90264f33305004495a9","hash":"18ec324d30ba6ea105b40817b0661ff233d1d932"}
,"/Users/ankit/React Project/star-wars/src/components/CharacterCard.tsx": {"path":"/Users/ankit/React Project/star-wars/src/components/CharacterCard.tsx","statementMap":{"0":{"start":{"line":5,"column":58},"end":{"line":26,"column":1}},"1":{"start":{"line":6,"column":63},"end":{"line":6,"column":96}},"2":{"start":{"line":8,"column":4},"end":{"line":25,"column":6}}},"fnMap":{"0":{"name":"(anonymous_0)","decl":{"start":{"line":5,"column":58},"end":{"line":5,"column":59}},"loc":{"start":{"line":5,"column":77},"end":{"line":26,"column":1}},"line":5}},"branchMap":{"0":{"loc":{"start":{"line":21,"column":24},"end":{"line":21,"column":75}},"type":"cond-expr","locations":[{"start":{"line":21,"column":45},"end":{"line":21,"column":57}},{"start":{"line":21,"column":60},"end":{"line":21,"column":75}}],"line":21}},"s":{"0":2,"1":11,"2":11},"f":{"0":11},"b":{"0":[2,9]},"_coverageSchema":"1a1c01bbd47fc00a2c39e90264f33305004495a9","hash":"ee867ad8e0a4fdee177ee270989f44a93e64920a"}
,"/Users/ankit/React Project/star-wars/src/components/CharacterDetails.tsx": {"path":"/Users/ankit/React Project/star-wars/src/components/CharacterDetails.tsx","statementMap":{"0":{"start":{"line":15,"column":25},"end":{"line":192,"column":1}},"1":{"start":{"line":16,"column":24},"end":{"line":16,"column":40}},"2":{"start":{"line":17,"column":41},"end":{"line":17,"column":56}},"3":{"start":{"line":18,"column":19},"end":{"line":18,"column":46}},"4":{"start":{"line":20,"column":39},"end":{"line":20,"column":56}},"5":{"start":{"line":21,"column":63},"end":{"line":21,"column":98}},"6":{"start":{"line":22,"column":55},"end":{"line":22,"column":99}},"7":{"start":{"line":23,"column":63},"end":{"line":23,"column":115}},"8":{"start":{"line":26,"column":48},"end":{"line":26,"column":60}},"9":{"start":{"line":27,"column":48},"end":{"line":27,"column":60}},"10":{"start":{"line":28,"column":50},"end":{"line":28,"column":65}},"11":{"start":{"line":29,"column":50},"end":{"line":29,"column":65}},"12":{"start":{"line":31,"column":4},"end":{"line":36,"column":15}},"13":{"start":{"line":32,"column":8},"end":{"line":35,"column":9}},"14":{"start":{"line":33,"column":12},"end":{"line":33,"column":56}},"15":{"start":{"line":34,"column":12},"end":{"line":34,"column":56}},"16":{"start":{"line":38,"column":4},"end":{"line":38,"column":38}},"17":{"start":{"line":38,"column":19},"end":{"line":38,"column":38}},"18":{"start":{"line":39,"column":4},"end":{"line":39,"column":62}},"19":{"start":{"line":39,"column":15},"end":{"line":39,"column":62}},"20":{"start":{"line":41,"column":24},"end":{"line":41,"column":85}},"21":{"start":{"line":41,"column":49},"end":{"line":41,"column":84}},"22":{"start":{"line":44,"column":32},"end":{"line":49,"column":5}},"23":{"start":{"line":45,"column":8},"end":{"line":48,"column":12}},"24":{"start":{"line":45,"column":89},"end":{"line":48,"column":9}},"25":{"start":{"line":51,"column":4},"end":{"line":191,"column":6}},"26":{"start":{"line":73,"column":45},"end":{"line":73,"column":78}},"27":{"start":{"line":81,"column":32},"end":{"line":81,"column":80}},"28":{"start":{"line":82,"column":32},"end":{"line":82,"column":58}},"29":{"start":{"line":95,"column":43},"end":{"line":95,"column":67}},"30":{"start":{"line":112,"column":45},"end":{"line":112,"column":78}},"31":{"start":{"line":123,"column":32},"end":{"line":123,"column":80}},"32":{"start":{"line":124,"column":32},"end":{"line":124,"column":58}},"33":{"start":{"line":137,"column":43},"end":{"line":137,"column":67}},"34":{"start":{"line":157,"column":28},"end":{"line":157,"column":61}},"35":{"start":{"line":173,"column":28},"end":{"line":173,"column":60}},"36":{"start":{"line":184,"column":31},"end":{"line":184,"column":64}}},"fnMap":{"0":{"name":"(anonymous_0)","decl":{"start":{"line":15,"column":25},"end":{"line":15,"column":26}},"loc":{"start":{"line":15,"column":31},"end":{"line":192,"column":1}},"line":15},"1":{"name":"(anonymous_1)","decl":{"start":{"line":31,"column":14},"end":{"line":31,"column":15}},"loc":{"start":{"line":31,"column":20},"end":{"line":36,"column":5}},"line":31},"2":{"name":"(anonymous_2)","decl":{"start":{"line":41,"column":40},"end":{"line":41,"column":41}},"loc":{"start":{"line":41,"column":49},"end":{"line":41,"column":84}},"line":41},"3":{"name":"(anonymous_3)","decl":{"start":{"line":44,"column":32},"end":{"line":44,"column":33}},"loc":{"start":{"line":44,"column":69},"end":{"line":49,"column":5}},"line":44},"4":{"name":"(anonymous_4)","decl":{"start":{"line":45,"column":52},"end":{"line":45,"column":53}},"loc":{"start":{"line":45,"column":89},"end":{"line":48,"column":9}},"line":45},"5":{"name":"(anonymous_5)","decl":{"start":{"line":73,"column":38},"end":{"line":73,"column":39}},"loc":{"start":{"line":73,"column":45},"end":{"line":73,"column":78}},"line":73},"6":{"name":"(anonymous_6)","decl":{"start":{"line":80,"column":37},"end":{"line":80,"column":38}},"loc":{"start":{"line":80,"column":43},"end":{"line":83,"column":29}},"line":80},"7":{"name":"(anonymous_7)","decl":{"start":{"line":95,"column":37},"end":{"line":95,"column":38}},"loc":{"start":{"line":95,"column":43},"end":{"line":95,"column":67}},"line":95},"8":{"name":"(anonymous_8)","decl":{"start":{"line":112,"column":38},"end":{"line":112,"column":39}},"loc":{"start":{"line":112,"column":45},"end":{"line":112,"column":78}},"line":112},"9":{"name":"(anonymous_9)","decl":{"start":{"line":122,"column":37},"end":{"line":122,"column":38}},"loc":{"start":{"line":122,"column":43},"end":{"line":125,"column":29}},"line":122},"10":{"name":"(anonymous_10)","decl":{"start":{"line":137,"column":37},"end":{"line":137,"column":38}},"loc":{"start":{"line":137,"column":43},"end":{"line":137,"column":67}},"line":137},"11":{"name":"(anonymous_11)","decl":{"start":{"line":156,"column":35},"end":{"line":156,"column":36}},"loc":{"start":{"line":157,"column":28},"end":{"line":157,"column":61}},"line":157},"12":{"name":"(anonymous_12)","decl":{"start":{"line":172,"column":39},"end":{"line":172,"column":40}},"loc":{"start":{"line":173,"column":28},"end":{"line":173,"column":60}},"line":173},"13":{"name":"(anonymous_13)","decl":{"start":{"line":184,"column":25},"end":{"line":184,"column":26}},"loc":{"start":{"line":184,"column":31},"end":{"line":184,"column":64}},"line":184}},"branchMap":{"0":{"loc":{"start":{"line":21,"column":76},"end":{"line":21,"column":97}},"type":"binary-expr","locations":[{"start":{"line":21,"column":76},"end":{"line":21,"column":91}},{"start":{"line":21,"column":95},"end":{"line":21,"column":97}}],"line":21},"1":{"loc":{"start":{"line":22,"column":72},"end":{"line":22,"column":89}},"type":"binary-expr","locations":[{"start":{"line":22,"column":72},"end":{"line":22,"column":83}},{"start":{"line":22,"column":87},"end":{"line":22,"column":89}}],"line":22},"2":{"loc":{"start":{"line":23,"column":80},"end":{"line":23,"column":101}},"type":"binary-expr","locations":[{"start":{"line":23,"column":80},"end":{"line":23,"column":95}},{"start":{"line":23,"column":99},"end":{"line":23,"column":101}}],"line":23},"3":{"loc":{"start":{"line":32,"column":8},"end":{"line":35,"column":9}},"type":"if","locations":[{"start":{"line":32,"column":8},"end":{"line":35,"column":9}},{"start":{},"end":{}}],"line":32},"4":{"loc":{"start":{"line":33,"column":30},"end":{"line":33,"column":54}},"type":"binary-expr","locations":[{"start":{"line":33,"column":30},"end":{"line":33,"column":41}},{"start":{"line":33,"column":45},"end":{"line":33,"column":54}}],"line":33},"5":{"loc":{"start":{"line":34,"column":30},"end":{"line":34,"column":54}},"type":"binary-expr","locations":[{"start":{"line":34,"column":30},"end":{"line":34,"column":41}},{"start":{"line":34,"column":45},"end":{"line":34,"column":54}}],"line":34},"6":{"loc":{"start":{"line":38,"column":4},"end":{"line":38,"column":38}},"type":"if","locations":[{"start":{"line":38,"column":4},"end":{"line":38,"column":38}},{"start":{},"end":{}}],"line":38},"7":{"loc":{"start":{"line":39,"column":4},"end":{"line":39,"column":62}},"type":"if","locations":[{"start":{"line":39,"column":4},"end":{"line":39,"column":62}},{"start":{},"end":{}}],"line":39},"8":{"loc":{"start":{"line":66,"column":17},"end":{"line":100,"column":17}},"type":"cond-expr","locations":[{"start":{"line":67,"column":20},"end":{"line":87,"column":23}},{"start":{"line":89,"column":20},"end":{"line":99,"column":23}}],"line":66},"9":{"loc":{"start":{"line":106,"column":17},"end":{"line":142,"column":17}},"type":"cond-expr","locations":[{"start":{"line":107,"column":20},"end":{"line":129,"column":26}},{"start":{"line":131,"column":20},"end":{"line":141,"column":23}}],"line":106},"10":{"loc":{"start":{"line":146,"column":70},"end":{"line":146,"column":121}},"type":"cond-expr","locations":[{"start":{"line":146,"column":91},"end":{"line":146,"column":103}},{"start":{"line":146,"column":106},"end":{"line":146,"column":121}}],"line":146},"11":{"loc":{"start":{"line":152,"column":17},"end":{"line":162,"column":17}},"type":"cond-expr","locations":[{"start":{"line":153,"column":20},"end":{"line":153,"column":62}},{"start":{"line":154,"column":20},"end":{"line":162,"column":17}}],"line":152},"12":{"loc":{"start":{"line":154,"column":20},"end":{"line":162,"column":17}},"type":"cond-expr","locations":[{"start":{"line":155,"column":20},"end":{"line":159,"column":25}},{"start":{"line":161,"column":20},"end":{"line":161,"column":45}}],"line":154},"13":{"loc":{"start":{"line":168,"column":17},"end":{"line":178,"column":17}},"type":"cond-expr","locations":[{"start":{"line":169,"column":20},"end":{"line":169,"column":66}},{"start":{"line":170,"column":20},"end":{"line":178,"column":17}}],"line":168},"14":{"loc":{"start":{"line":170,"column":20},"end":{"line":178,"column":17}},"type":"cond-expr","locations":[{"start":{"line":171,"column":20},"end":{"line":175,"column":25}},{"start":{"line":177,"column":20},"end":{"line":177,"column":49}}],"line":170},"15":{"loc":{"start":{"line":186,"column":28},"end":{"line":186,"column":85}},"type":"cond-expr","locations":[{"start":{"line":186,"column":42},"end":{"line":186,"column":63}},{"start":{"line":186,"column":66},"end":{"line":186,"column":85}}],"line":186},"16":{"loc":{"start":{"line":188,"column":17},"end":{"line":188,"column":74}},"type":"cond-expr","locations":[{"start":{"line":188,"column":31},"end":{"line":188,"column":52}},{"start":{"line":188,"column":55},"end":{"line":188,"column":74}}],"line":188}},"s":{"0":1,"1":26,"2":26,"3":26,"4":26,"5":26,"6":26,"7":26,"8":26,"9":26,"10":26,"11":26,"12":26,"13":11,"14":9,"15":9,"16":26,"17":1,"18":25,"19":1,"20":24,"21":2,"22":24,"23":2,"24":2,"25":24,"26":1,"27":1,"28":1,"29":1,"30":1,"31":1,"32":1,"33":1,"34":16,"35":16,"36":1},"f":{"0":26,"1":11,"2":2,"3":2,"4":2,"5":1,"6":1,"7":1,"8":1,"9":1,"10":1,"11":16,"12":16,"13":1},"b":{"0":[26,10],"1":[26,8],"2":[26,8],"3":[9,2],"4":[9,8],"5":[9,5],"6":[1,25],"7":[1,24],"8":[2,22],"9":[2,22],"10":[2,22],"11":[2,22],"12":[16,6],"13":[2,22],"14":[16,6],"15":[2,22],"16":[2,22]},"_coverageSchema":"1a1c01bbd47fc00a2c39e90264f33305004495a9","hash":"58d33d4f218f24ef830648b9e362bb9f5d2fbe52"}
,"/Users/ankit/React Project/star-wars/src/components/CharacterList.tsx": {"path":"/Users/ankit/React Project/star-wars/src/components/CharacterList.tsx","statementMap":{"0":{"start":{"line":10,"column":32},"end":{"line":86,"column":1}},"1":{"start":{"line":11,"column":40},"end":{"line":11,"column":52}},"2":{"start":{"line":12,"column":28},"end":{"line":12,"column":39}},"3":{"start":{"line":13,"column":50},"end":{"line":13,"column":62}},"4":{"start":{"line":14,"column":24},"end":{"line":14,"column":40}},"5":{"start":{"line":16,"column":4},"end":{"line":21,"column":21}},"6":{"start":{"line":17,"column":26},"end":{"line":19,"column":15}},"7":{"start":{"line":18,"column":12},"end":{"line":18,"column":43}},"8":{"start":{"line":20,"column":8},"end":{"line":20,"column":45}},"9":{"start":{"line":20,"column":21},"end":{"line":20,"column":44}},"10":{"start":{"line":23,"column":39},"end":{"line":23,"column":78}},"11":{"start":{"line":25,"column":4},"end":{"line":40,"column":51}},"12":{"start":{"line":26,"column":8},"end":{"line":39,"column":9}},"13":{"start":{"line":27,"column":29},"end":{"line":27,"column":37}},"14":{"start":{"line":28,"column":12},"end":{"line":38,"column":15}},"15":{"start":{"line":31,"column":20},"end":{"line":34,"column":21}},"16":{"start":{"line":32,"column":41},"end":{"line":32,"column":63}},"17":{"start":{"line":33,"column":24},"end":{"line":33,"column":47}},"18":{"start":{"line":35,"column":20},"end":{"line":35,"column":32}},"19":{"start":{"line":42,"column":4},"end":{"line":85,"column":6}},"20":{"start":{"line":53,"column":33},"end":{"line":53,"column":62}},"21":{"start":{"line":67,"column":28},"end":{"line":67,"column":77}}},"fnMap":{"0":{"name":"(anonymous_0)","decl":{"start":{"line":10,"column":32},"end":{"line":10,"column":33}},"loc":{"start":{"line":10,"column":38},"end":{"line":86,"column":1}},"line":10},"1":{"name":"(anonymous_1)","decl":{"start":{"line":16,"column":14},"end":{"line":16,"column":15}},"loc":{"start":{"line":16,"column":20},"end":{"line":21,"column":5}},"line":16},"2":{"name":"(anonymous_2)","decl":{"start":{"line":17,"column":37},"end":{"line":17,"column":38}},"loc":{"start":{"line":17,"column":43},"end":{"line":19,"column":9}},"line":17},"3":{"name":"(anonymous_3)","decl":{"start":{"line":20,"column":15},"end":{"line":20,"column":16}},"loc":{"start":{"line":20,"column":21},"end":{"line":20,"column":44}},"line":20},"4":{"name":"(anonymous_4)","decl":{"start":{"line":25,"column":14},"end":{"line":25,"column":15}},"loc":{"start":{"line":25,"column":20},"end":{"line":40,"column":5}},"line":25},"5":{"name":"(anonymous_5)","decl":{"start":{"line":30,"column":25},"end":{"line":30,"column":26}},"loc":{"start":{"line":30,"column":37},"end":{"line":36,"column":17}},"line":30},"6":{"name":"(anonymous_6)","decl":{"start":{"line":53,"column":26},"end":{"line":53,"column":27}},"loc":{"start":{"line":53,"column":33},"end":{"line":53,"column":62}},"line":53},"7":{"name":"(anonymous_7)","decl":{"start":{"line":66,"column":42},"end":{"line":66,"column":43}},"loc":{"start":{"line":67,"column":28},"end":{"line":67,"column":77}},"line":67}},"branchMap":{"0":{"loc":{"start":{"line":26,"column":8},"end":{"line":39,"column":9}},"type":"if","locations":[{"start":{"line":26,"column":8},"end":{"line":39,"column":9}},{"start":{},"end":{}}],"line":26},"1":{"loc":{"start":{"line":31,"column":20},"end":{"line":34,"column":21}},"type":"if","locations":[{"start":{"line":31,"column":20},"end":{"line":34,"column":21}},{"start":{},"end":{}}],"line":31},"2":{"loc":{"start":{"line":59,"column":13},"end":{"line":59,"column":66}},"type":"binary-expr","locations":[{"start":{"line":59,"column":13},"end":{"line":59,"column":22}},{"start":{"line":59,"column":26},"end":{"line":59,"column":32}},{"start":{"line":59,"column":36},"end":{"line":59,"column":66}}],"line":59},"3":{"loc":{"start":{"line":60,"column":13},"end":{"line":60,"column":85}},"type":"binary-expr","locations":[{"start":{"line":60,"column":13},"end":{"line":60,"column":18}},{"start":{"line":60,"column":22},"end":{"line":60,"column":85}}],"line":60},"4":{"loc":{"start":{"line":64,"column":17},"end":{"line":72,"column":17}},"type":"cond-expr","locations":[{"start":{"line":65,"column":20},"end":{"line":69,"column":25}},{"start":{"line":71,"column":20},"end":{"line":71,"column":61}}],"line":64},"5":{"loc":{"start":{"line":71,"column":20},"end":{"line":71,"column":61}},"type":"binary-expr","locations":[{"start":{"line":71,"column":20},"end":{"line":71,"column":30}},{"start":{"line":71,"column":34},"end":{"line":71,"column":61}}],"line":71},"6":{"loc":{"start":{"line":76,"column":13},"end":{"line":83,"column":13}},"type":"binary-expr","locations":[{"start":{"line":76,"column":13},"end":{"line":76,"column":24}},{"start":{"line":76,"column":28},"end":{"line":76,"column":32}},{"start":{"line":77,"column":16},"end":{"line":82,"column":18}}],"line":76}},"s":{"0":1,"1":10,"2":10,"3":10,"4":10,"5":10,"6":10,"7":1,"8":10,"9":10,"10":10,"11":10,"12":7,"13":1,"14":1,"15":1,"16":1,"17":0,"18":0,"19":10,"20":3,"21":8},"f":{"0":10,"1":10,"2":1,"3":10,"4":7,"5":1,"6":3,"7":8},"b":{"0":[1,6],"1":[1,0],"2":[10,3,2],"3":[10,1],"4":[7,3],"5":[3,0],"6":[10,7,4]},"_coverageSchema":"1a1c01bbd47fc00a2c39e90264f33305004495a9","hash":"f39449c550bb085450a96868a82b7d3fdcf8c7aa"}
,"/Users/ankit/React Project/star-wars/src/components/Favorites.tsx": {"path":"/Users/ankit/React Project/star-wars/src/components/Favorites.tsx","statementMap":{"0":{"start":{"line":4,"column":19},"end":{"line":38,"column":1}},"1":{"start":{"line":5,"column":44},"end":{"line":5,"column":59}},"2":{"start":{"line":7,"column":4},"end":{"line":9,"column":5}},"3":{"start":{"line":8,"column":8},"end":{"line":8,"column":46}},"4":{"start":{"line":11,"column":4},"end":{"line":37,"column":6}},"5":{"start":{"line":16,"column":20},"end":{"line":33,"column":25}},"6":{"start":{"line":28,"column":43},"end":{"line":28,"column":68}}},"fnMap":{"0":{"name":"(anonymous_0)","decl":{"start":{"line":4,"column":19},"end":{"line":4,"column":20}},"loc":{"start":{"line":4,"column":25},"end":{"line":38,"column":1}},"line":4},"1":{"name":"(anonymous_1)","decl":{"start":{"line":15,"column":32},"end":{"line":15,"column":33}},"loc":{"start":{"line":16,"column":20},"end":{"line":33,"column":25}},"line":16},"2":{"name":"(anonymous_2)","decl":{"start":{"line":28,"column":37},"end":{"line":28,"column":38}},"loc":{"start":{"line":28,"column":43},"end":{"line":28,"column":68}},"line":28}},"branchMap":{"0":{"loc":{"start":{"line":7,"column":4},"end":{"line":9,"column":5}},"type":"if","locations":[{"start":{"line":7,"column":4},"end":{"line":9,"column":5}},{"start":{},"end":{}}],"line":7}},"s":{"0":1,"1":3,"2":3,"3":1,"4":2,"5":3,"6":1},"f":{"0":3,"1":3,"2":1},"b":{"0":[1,2]},"_coverageSchema":"1a1c01bbd47fc00a2c39e90264f33305004495a9","hash":"fda7a25a7493794edc2dd3246661b0ee3ea700a4"}
,"/Users/ankit/React Project/star-wars/src/components/Loading.tsx": {"path":"/Users/ankit/React Project/star-wars/src/components/Loading.tsx","statementMap":{"0":{"start":{"line":4,"column":26},"end":{"line":11,"column":1}},"1":{"start":{"line":5,"column":4},"end":{"line":10,"column":6}}},"fnMap":{"0":{"name":"(anonymous_0)","decl":{"start":{"line":4,"column":26},"end":{"line":4,"column":27}},"loc":{"start":{"line":4,"column":32},"end":{"line":11,"column":1}},"line":4}},"branchMap":{},"s":{"0":3,"1":4},"f":{"0":4},"b":{},"_coverageSchema":"1a1c01bbd47fc00a2c39e90264f33305004495a9","hash":"24a96c7892db1ec79da4d8d8b1e633eeb1e1914d"}
,"/Users/ankit/React Project/star-wars/src/components/Navbar.tsx": {"path":"/Users/ankit/React Project/star-wars/src/components/Navbar.tsx","statementMap":{"0":{"start":{"line":8,"column":25},"end":{"line":43,"column":1}},"1":{"start":{"line":9,"column":35},"end":{"line":9,"column":45}},"2":{"start":{"line":10,"column":27},"end":{"line":10,"column":42}},"3":{"start":{"line":11,"column":27},"end":{"line":11,"column":44}},"4":{"start":{"line":13,"column":4},"end":{"line":42,"column":6}}},"fnMap":{"0":{"name":"(anonymous_0)","decl":{"start":{"line":8,"column":25},"end":{"line":8,"column":26}},"loc":{"start":{"line":8,"column":31},"end":{"line":43,"column":1}},"line":8}},"branchMap":{"0":{"loc":{"start":{"line":25,"column":25},"end":{"line":29,"column":25}},"type":"binary-expr","locations":[{"start":{"line":25,"column":25},"end":{"line":25,"column":43}},{"start":{"line":26,"column":28},"end":{"line":28,"column":35}}],"line":25},"1":{"loc":{"start":{"line":35,"column":49},"end":{"line":35,"column":85}},"type":"cond-expr","locations":[{"start":{"line":35,"column":69},"end":{"line":35,"column":75}},{"start":{"line":35,"column":78},"end":{"line":35,"column":85}}],"line":35},"2":{"loc":{"start":{"line":37,"column":25},"end":{"line":37,"column":93}},"type":"cond-expr","locations":[{"start":{"line":37,"column":45},"end":{"line":37,"column":55}},{"start":{"line":37,"column":58},"end":{"line":37,"column":93}}],"line":37}},"s":{"0":1,"1":4,"2":4,"3":4,"4":4},"f":{"0":4},"b":{"0":[4,1],"1":[3,1],"2":[3,1]},"_coverageSchema":"1a1c01bbd47fc00a2c39e90264f33305004495a9","hash":"73d45b62b1ccdae8b219cda69cd5d4ba37e5de2a"}
,"/Users/ankit/React Project/star-wars/src/components/Pagination.tsx": {"path":"/Users/ankit/React Project/star-wars/src/components/Pagination.tsx","statementMap":{"0":{"start":{"line":10,"column":46},"end":{"line":48,"column":1}},"1":{"start":{"line":11,"column":27},"end":{"line":15,"column":5}},"2":{"start":{"line":12,"column":8},"end":{"line":14,"column":9}},"3":{"start":{"line":13,"column":12},"end":{"line":13,"column":42}},"4":{"start":{"line":17,"column":27},"end":{"line":21,"column":5}},"5":{"start":{"line":18,"column":8},"end":{"line":20,"column":9}},"6":{"start":{"line":19,"column":12},"end":{"line":19,"column":42}},"7":{"start":{"line":23,"column":4},"end":{"line":47,"column":6}}},"fnMap":{"0":{"name":"(anonymous_0)","decl":{"start":{"line":10,"column":46},"end":{"line":10,"column":47}},"loc":{"start":{"line":10,"column":93},"end":{"line":48,"column":1}},"line":10},"1":{"name":"(anonymous_1)","decl":{"start":{"line":11,"column":27},"end":{"line":11,"column":28}},"loc":{"start":{"line":11,"column":33},"end":{"line":15,"column":5}},"line":11},"2":{"name":"(anonymous_2)","decl":{"start":{"line":17,"column":27},"end":{"line":17,"column":28}},"loc":{"start":{"line":17,"column":33},"end":{"line":21,"column":5}},"line":17}},"branchMap":{"0":{"loc":{"start":{"line":12,"column":8},"end":{"line":14,"column":9}},"type":"if","locations":[{"start":{"line":12,"column":8},"end":{"line":14,"column":9}},{"start":{},"end":{}}],"line":12},"1":{"loc":{"start":{"line":18,"column":8},"end":{"line":20,"column":9}},"type":"if","locations":[{"start":{"line":18,"column":8},"end":{"line":20,"column":9}},{"start":{},"end":{}}],"line":18}},"s":{"0":2,"1":11,"2":1,"3":1,"4":11,"5":1,"6":1,"7":11},"f":{"0":11,"1":1,"2":1},"b":{"0":[1,0],"1":[1,0]},"_coverageSchema":"1a1c01bbd47fc00a2c39e90264f33305004495a9","hash":"f68640ea93a496da135504409f6406c4982767d9"}
,"/Users/ankit/React Project/star-wars/src/context/FavoritesContext.tsx": {"path":"/Users/ankit/React Project/star-wars/src/context/FavoritesContext.tsx","statementMap":{"0":{"start":{"line":10,"column":26},"end":{"line":10,"column":85}},"1":{"start":{"line":12,"column":34},"end":{"line":29,"column":1}},"2":{"start":{"line":13,"column":38},"end":{"line":13,"column":63}},"3":{"start":{"line":15,"column":23},"end":{"line":17,"column":3}},"4":{"start":{"line":16,"column":4},"end":{"line":16,"column":45}},"5":{"start":{"line":16,"column":28},"end":{"line":16,"column":43}},"6":{"start":{"line":19,"column":26},"end":{"line":21,"column":3}},"7":{"start":{"line":20,"column":4},"end":{"line":20,"column":69}},"8":{"start":{"line":20,"column":28},"end":{"line":20,"column":67}},"9":{"start":{"line":20,"column":50},"end":{"line":20,"column":66}},"10":{"start":{"line":23,"column":2},"end":{"line":28,"column":4}},"11":{"start":{"line":31,"column":29},"end":{"line":35,"column":1}},"12":{"start":{"line":32,"column":18},"end":{"line":32,"column":47}},"13":{"start":{"line":33,"column":2},"end":{"line":33,"column":90}},"14":{"start":{"line":33,"column":16},"end":{"line":33,"column":90}},"15":{"start":{"line":34,"column":2},"end":{"line":34,"column":17}}},"fnMap":{"0":{"name":"(anonymous_0)","decl":{"start":{"line":12,"column":34},"end":{"line":12,"column":35}},"loc":{"start":{"line":12,"column":77},"end":{"line":29,"column":1}},"line":12},"1":{"name":"(anonymous_1)","decl":{"start":{"line":15,"column":23},"end":{"line":15,"column":24}},"loc":{"start":{"line":15,"column":44},"end":{"line":17,"column":3}},"line":15},"2":{"name":"(anonymous_2)","decl":{"start":{"line":16,"column":18},"end":{"line":16,"column":19}},"loc":{"start":{"line":16,"column":28},"end":{"line":16,"column":43}},"line":16},"3":{"name":"(anonymous_3)","decl":{"start":{"line":19,"column":26},"end":{"line":19,"column":27}},"loc":{"start":{"line":19,"column":43},"end":{"line":21,"column":3}},"line":19},"4":{"name":"(anonymous_4)","decl":{"start":{"line":20,"column":18},"end":{"line":20,"column":19}},"loc":{"start":{"line":20,"column":28},"end":{"line":20,"column":67}},"line":20},"5":{"name":"(anonymous_5)","decl":{"start":{"line":20,"column":40},"end":{"line":20,"column":41}},"loc":{"start":{"line":20,"column":50},"end":{"line":20,"column":66}},"line":20},"6":{"name":"(anonymous_6)","decl":{"start":{"line":31,"column":29},"end":{"line":31,"column":30}},"loc":{"start":{"line":31,"column":35},"end":{"line":35,"column":1}},"line":31}},"branchMap":{"0":{"loc":{"start":{"line":33,"column":2},"end":{"line":33,"column":90}},"type":"if","locations":[{"start":{"line":33,"column":2},"end":{"line":33,"column":90}},{"start":{},"end":{}}],"line":33}},"s":{"0":2,"1":2,"2":6,"3":6,"4":2,"5":2,"6":6,"7":1,"8":1,"9":1,"10":6,"11":2,"12":9,"13":8,"14":2,"15":6},"f":{"0":6,"1":2,"2":2,"3":1,"4":1,"5":1,"6":9},"b":{"0":[2,6]},"_coverageSchema":"1a1c01bbd47fc00a2c39e90264f33305004495a9","hash":"d63cdb99b5d563f86962bd7462bb1e914914d1ab"}
,"/Users/ankit/React Project/star-wars/src/context/ThemeContext.tsx": {"path":"/Users/ankit/React Project/star-wars/src/context/ThemeContext.tsx","statementMap":{"0":{"start":{"line":4,"column":21},"end":{"line":7,"column":2}},"1":{"start":{"line":10,"column":29},"end":{"line":27,"column":1}},"2":{"start":{"line":11,"column":30},"end":{"line":11,"column":80}},"3":{"start":{"line":13,"column":4},"end":{"line":16,"column":16}},"4":{"start":{"line":14,"column":8},"end":{"line":14,"column":67}},"5":{"start":{"line":15,"column":8},"end":{"line":15,"column":45}},"6":{"start":{"line":18,"column":24},"end":{"line":20,"column":5}},"7":{"start":{"line":19,"column":8},"end":{"line":19,"column":76}},"8":{"start":{"line":19,"column":33},"end":{"line":19,"column":73}},"9":{"start":{"line":22,"column":4},"end":{"line":26,"column":6}},"10":{"start":{"line":30,"column":24},"end":{"line":30,"column":54}},"11":{"start":{"line":30,"column":30},"end":{"line":30,"column":54}}},"fnMap":{"0":{"name":"(anonymous_0)","decl":{"start":{"line":6,"column":17},"end":{"line":6,"column":18}},"loc":{"start":{"line":6,"column":23},"end":{"line":6,"column":26}},"line":6},"1":{"name":"(anonymous_1)","decl":{"start":{"line":10,"column":29},"end":{"line":10,"column":30}},"loc":{"start":{"line":10,"column":78},"end":{"line":27,"column":1}},"line":10},"2":{"name":"(anonymous_2)","decl":{"start":{"line":13,"column":14},"end":{"line":13,"column":15}},"loc":{"start":{"line":13,"column":20},"end":{"line":16,"column":5}},"line":13},"3":{"name":"(anonymous_3)","decl":{"start":{"line":18,"column":24},"end":{"line":18,"column":25}},"loc":{"start":{"line":18,"column":30},"end":{"line":20,"column":5}},"line":18},"4":{"name":"(anonymous_4)","decl":{"start":{"line":19,"column":17},"end":{"line":19,"column":18}},"loc":{"start":{"line":19,"column":33},"end":{"line":19,"column":73}},"line":19},"5":{"name":"(anonymous_5)","decl":{"start":{"line":30,"column":24},"end":{"line":30,"column":25}},"loc":{"start":{"line":30,"column":30},"end":{"line":30,"column":54}},"line":30}},"branchMap":{"0":{"loc":{"start":{"line":11,"column":39},"end":{"line":11,"column":79}},"type":"binary-expr","locations":[{"start":{"line":11,"column":39},"end":{"line":11,"column":68}},{"start":{"line":11,"column":72},"end":{"line":11,"column":79}}],"line":11},"1":{"loc":{"start":{"line":19,"column":33},"end":{"line":19,"column":73}},"type":"cond-expr","locations":[{"start":{"line":19,"column":57},"end":{"line":19,"column":63}},{"start":{"line":19,"column":66},"end":{"line":19,"column":73}}],"line":19}},"s":{"0":2,"1":2,"2":3,"3":3,"4":3,"5":3,"6":3,"7":2,"8":2,"9":3,"10":2,"11":3},"f":{"0":0,"1":3,"2":3,"3":2,"4":2,"5":3},"b":{"0":[3,1],"1":[1,1]},"_coverageSchema":"1a1c01bbd47fc00a2c39e90264f33305004495a9","hash":"80d7666b5bcb9e89d041dace5b826829afdaffaa"}
,"/Users/ankit/React Project/star-wars/src/hooks/useHomeWorld.ts": {"path":"/Users/ankit/React Project/star-wars/src/hooks/useHomeWorld.ts","statementMap":{"0":{"start":{"line":3,"column":23},"end":{"line":7,"column":1}},"1":{"start":{"line":4,"column":19},"end":{"line":4,"column":35}},"2":{"start":{"line":5,"column":2},"end":{"line":5,"column":65}},"3":{"start":{"line":5,"column":20},"end":{"line":5,"column":65}},"4":{"start":{"line":6,"column":2},"end":{"line":6,"column":31}},"5":{"start":{"line":9,"column":28},"end":{"line":20,"column":1}},"6":{"start":{"line":10,"column":22},"end":{"line":10,"column":38}},"7":{"start":{"line":11,"column":26},"end":{"line":13,"column":10}},"8":{"start":{"line":14,"column":2},"end":{"line":19,"column":5}},"9":{"start":{"line":16,"column":19},"end":{"line":16,"column":44}}},"fnMap":{"0":{"name":"(anonymous_0)","decl":{"start":{"line":3,"column":23},"end":{"line":3,"column":24}},"loc":{"start":{"line":3,"column":46},"end":{"line":7,"column":1}},"line":3},"1":{"name":"(anonymous_1)","decl":{"start":{"line":9,"column":28},"end":{"line":9,"column":29}},"loc":{"start":{"line":9,"column":51},"end":{"line":20,"column":1}},"line":9},"2":{"name":"(anonymous_2)","decl":{"start":{"line":16,"column":13},"end":{"line":16,"column":14}},"loc":{"start":{"line":16,"column":19},"end":{"line":16,"column":44}},"line":16}},"branchMap":{"0":{"loc":{"start":{"line":5,"column":2},"end":{"line":5,"column":65}},"type":"if","locations":[{"start":{"line":5,"column":2},"end":{"line":5,"column":65}},{"start":{},"end":{}}],"line":5},"1":{"loc":{"start":{"line":11,"column":26},"end":{"line":13,"column":10}},"type":"cond-expr","locations":[{"start":{"line":12,"column":6},"end":{"line":12,"column":74}},{"start":{"line":13,"column":6},"end":{"line":13,"column":10}}],"line":11}},"s":{"0":1,"1":4,"2":0,"3":0,"4":0,"5":1,"6":8,"7":8,"8":8,"9":4},"f":{"0":4,"1":8,"2":4},"b":{"0":[0,0],"1":[1,7]},"_coverageSchema":"1a1c01bbd47fc00a2c39e90264f33305004495a9","hash":"a7ed8776d97bdc04dff72c31199c807af43504b0"}
}
