{"/Users/ankit/React Project/star-wars/star-wars/src/components/BackButton.tsx": {"path":"/Users/ankit/React Project/star-wars/star-wars/src/components/BackButton.tsx","statementMap":{"0":{"start":{"line":4,"column":19},"end":{"line":12,"column":1}},"1":{"start":{"line":5,"column":21},"end":{"line":5,"column":34}},"2":{"start":{"line":7,"column":4},"end":{"line":11,"column":6}},"3":{"start":{"line":8,"column":55},"end":{"line":8,"column":67}}},"fnMap":{"0":{"name":"(anonymous_0)","decl":{"start":{"line":4,"column":19},"end":{"line":4,"column":20}},"loc":{"start":{"line":4,"column":25},"end":{"line":12,"column":1}},"line":4},"1":{"name":"(anonymous_1)","decl":{"start":{"line":8,"column":49},"end":{"line":8,"column":50}},"loc":{"start":{"line":8,"column":55},"end":{"line":8,"column":67}},"line":8}},"branchMap":{},"s":{"0":2,"1":10,"2":10,"3":1},"f":{"0":10,"1":1},"b":{},"_coverageSchema":"1a1c01bbd47fc00a2c39e90264f33305004495a9","hash":"e54370736bdef65f7bffcbe414420a817bc21c18"}
,"/Users/ankit/React Project/star-wars/star-wars/src/components/CharacterCard.tsx": {"path":"/Users/ankit/React Project/star-wars/star-wars/src/components/CharacterCard.tsx","statementMap":{"0":{"start":{"line":5,"column":58},"end":{"line":21,"column":1}},"1":{"start":{"line":6,"column":63},"end":{"line":6,"column":96}},"2":{"start":{"line":8,"column":4},"end":{"line":20,"column":6}}},"fnMap":{"0":{"name":"(anonymous_0)","decl":{"start":{"line":5,"column":58},"end":{"line":5,"column":59}},"loc":{"start":{"line":5,"column":77},"end":{"line":21,"column":1}},"line":5}},"branchMap":{"0":{"loc":{"start":{"line":16,"column":55},"end":{"line":16,"column":106}},"type":"cond-expr","locations":[{"start":{"line":16,"column":76},"end":{"line":16,"column":88}},{"start":{"line":16,"column":91},"end":{"line":16,"column":106}}],"line":16}},"s":{"0":2,"1":10,"2":10},"f":{"0":10},"b":{"0":[1,9]},"_coverageSchema":"1a1c01bbd47fc00a2c39e90264f33305004495a9","hash":"9612a1fb9171e6b46aec78fb36c335bb56f1036f"}
,"/Users/ankit/React Project/star-wars/star-wars/src/components/CharacterDetails.tsx": {"path":"/Users/ankit/React Project/star-wars/star-wars/src/components/CharacterDetails.tsx","statementMap":{"0":{"start":{"line":12,"column":25},"end":{"line":85,"column":1}},"1":{"start":{"line":13,"column":41},"end":{"line":13,"column":56}},"2":{"start":{"line":14,"column":19},"end":{"line":14,"column":46}},"3":{"start":{"line":17,"column":39},"end":{"line":17,"column":56}},"4":{"start":{"line":19,"column":63},"end":{"line":19,"column":98}},"5":{"start":{"line":21,"column":55},"end":{"line":21,"column":99}},"6":{"start":{"line":24,"column":63},"end":{"line":24,"column":115}},"7":{"start":{"line":27,"column":4},"end":{"line":27,"column":38}},"8":{"start":{"line":27,"column":19},"end":{"line":27,"column":38}},"9":{"start":{"line":28,"column":4},"end":{"line":28,"column":49}},"10":{"start":{"line":28,"column":15},"end":{"line":28,"column":49}},"11":{"start":{"line":30,"column":24},"end":{"line":30,"column":85}},"12":{"start":{"line":30,"column":49},"end":{"line":30,"column":84}},"13":{"start":{"line":32,"column":4},"end":{"line":84,"column":6}},"14":{"start":{"line":57,"column":28},"end":{"line":57,"column":61}},"15":{"start":{"line":72,"column":28},"end":{"line":72,"column":60}},"16":{"start":{"line":80,"column":59},"end":{"line":80,"column":92}}},"fnMap":{"0":{"name":"(anonymous_0)","decl":{"start":{"line":12,"column":25},"end":{"line":12,"column":26}},"loc":{"start":{"line":12,"column":31},"end":{"line":85,"column":1}},"line":12},"1":{"name":"(anonymous_1)","decl":{"start":{"line":30,"column":40},"end":{"line":30,"column":41}},"loc":{"start":{"line":30,"column":49},"end":{"line":30,"column":84}},"line":30},"2":{"name":"(anonymous_2)","decl":{"start":{"line":56,"column":35},"end":{"line":56,"column":36}},"loc":{"start":{"line":57,"column":28},"end":{"line":57,"column":61}},"line":57},"3":{"name":"(anonymous_3)","decl":{"start":{"line":71,"column":39},"end":{"line":71,"column":40}},"loc":{"start":{"line":72,"column":28},"end":{"line":72,"column":60}},"line":72},"4":{"name":"(anonymous_4)","decl":{"start":{"line":80,"column":53},"end":{"line":80,"column":54}},"loc":{"start":{"line":80,"column":59},"end":{"line":80,"column":92}},"line":80}},"branchMap":{"0":{"loc":{"start":{"line":19,"column":76},"end":{"line":19,"column":97}},"type":"binary-expr","locations":[{"start":{"line":19,"column":76},"end":{"line":19,"column":91}},{"start":{"line":19,"column":95},"end":{"line":19,"column":97}}],"line":19},"1":{"loc":{"start":{"line":21,"column":72},"end":{"line":21,"column":89}},"type":"binary-expr","locations":[{"start":{"line":21,"column":72},"end":{"line":21,"column":83}},{"start":{"line":21,"column":87},"end":{"line":21,"column":89}}],"line":21},"2":{"loc":{"start":{"line":24,"column":80},"end":{"line":24,"column":101}},"type":"binary-expr","locations":[{"start":{"line":24,"column":80},"end":{"line":24,"column":95}},{"start":{"line":24,"column":99},"end":{"line":24,"column":101}}],"line":24},"3":{"loc":{"start":{"line":27,"column":4},"end":{"line":27,"column":38}},"type":"if","locations":[{"start":{"line":27,"column":4},"end":{"line":27,"column":38}},{"start":{},"end":{}}],"line":27},"4":{"loc":{"start":{"line":28,"column":4},"end":{"line":28,"column":49}},"type":"if","locations":[{"start":{"line":28,"column":4},"end":{"line":28,"column":49}},{"start":{},"end":{}}],"line":28},"5":{"loc":{"start":{"line":46,"column":51},"end":{"line":46,"column":102}},"type":"cond-expr","locations":[{"start":{"line":46,"column":72},"end":{"line":46,"column":84}},{"start":{"line":46,"column":87},"end":{"line":46,"column":102}}],"line":46},"6":{"loc":{"start":{"line":52,"column":17},"end":{"line":62,"column":17}},"type":"cond-expr","locations":[{"start":{"line":53,"column":20},"end":{"line":53,"column":43}},{"start":{"line":54,"column":20},"end":{"line":62,"column":17}}],"line":52},"7":{"loc":{"start":{"line":54,"column":20},"end":{"line":62,"column":17}},"type":"cond-expr","locations":[{"start":{"line":55,"column":20},"end":{"line":59,"column":25}},{"start":{"line":61,"column":20},"end":{"line":61,"column":45}}],"line":54},"8":{"loc":{"start":{"line":67,"column":17},"end":{"line":77,"column":17}},"type":"cond-expr","locations":[{"start":{"line":68,"column":20},"end":{"line":68,"column":47}},{"start":{"line":69,"column":20},"end":{"line":77,"column":17}}],"line":67},"9":{"loc":{"start":{"line":69,"column":20},"end":{"line":77,"column":17}},"type":"cond-expr","locations":[{"start":{"line":70,"column":20},"end":{"line":74,"column":25}},{"start":{"line":76,"column":20},"end":{"line":76,"column":49}}],"line":69},"10":{"loc":{"start":{"line":81,"column":17},"end":{"line":81,"column":74}},"type":"cond-expr","locations":[{"start":{"line":81,"column":31},"end":{"line":81,"column":52}},{"start":{"line":81,"column":55},"end":{"line":81,"column":74}}],"line":81}},"s":{"0":1,"1":10,"2":10,"3":10,"4":10,"5":10,"6":10,"7":10,"8":1,"9":9,"10":1,"11":8,"12":1,"13":8,"14":4,"15":4,"16":1},"f":{"0":10,"1":1,"2":4,"3":4,"4":1},"b":{"0":[10,6],"1":[10,5],"2":[10,5],"3":[1,9],"4":[1,8],"5":[1,7],"6":[1,7],"7":[4,3],"8":[1,7],"9":[4,3],"10":[1,7]},"_coverageSchema":"1a1c01bbd47fc00a2c39e90264f33305004495a9","hash":"4948accc9cabf5639ca73eb83480d61cec11c6eb"}
,"/Users/ankit/React Project/star-wars/star-wars/src/components/CharacterList.tsx": {"path":"/Users/ankit/React Project/star-wars/star-wars/src/components/CharacterList.tsx","statementMap":{"0":{"start":{"line":12,"column":32},"end":{"line":87,"column":1}},"1":{"start":{"line":13,"column":40},"end":{"line":13,"column":52}},"2":{"start":{"line":14,"column":28},"end":{"line":14,"column":39}},"3":{"start":{"line":15,"column":50},"end":{"line":15,"column":62}},"4":{"start":{"line":16,"column":24},"end":{"line":16,"column":40}},"5":{"start":{"line":19,"column":4},"end":{"line":24,"column":21}},"6":{"start":{"line":20,"column":26},"end":{"line":22,"column":15}},"7":{"start":{"line":21,"column":12},"end":{"line":21,"column":43}},"8":{"start":{"line":23,"column":8},"end":{"line":23,"column":45}},"9":{"start":{"line":23,"column":21},"end":{"line":23,"column":44}},"10":{"start":{"line":27,"column":39},"end":{"line":27,"column":78}},"11":{"start":{"line":28,"column":4},"end":{"line":28,"column":29}},"12":{"start":{"line":31,"column":4},"end":{"line":45,"column":51}},"13":{"start":{"line":32,"column":8},"end":{"line":44,"column":9}},"14":{"start":{"line":33,"column":29},"end":{"line":33,"column":37}},"15":{"start":{"line":34,"column":12},"end":{"line":43,"column":15}},"16":{"start":{"line":37,"column":20},"end":{"line":40,"column":21}},"17":{"start":{"line":38,"column":41},"end":{"line":38,"column":63}},"18":{"start":{"line":39,"column":24},"end":{"line":39,"column":47}},"19":{"start":{"line":41,"column":20},"end":{"line":41,"column":32}},"20":{"start":{"line":47,"column":4},"end":{"line":86,"column":6}},"21":{"start":{"line":56,"column":33},"end":{"line":56,"column":62}},"22":{"start":{"line":69,"column":28},"end":{"line":69,"column":77}}},"fnMap":{"0":{"name":"(anonymous_0)","decl":{"start":{"line":12,"column":32},"end":{"line":12,"column":33}},"loc":{"start":{"line":12,"column":38},"end":{"line":87,"column":1}},"line":12},"1":{"name":"(anonymous_1)","decl":{"start":{"line":19,"column":14},"end":{"line":19,"column":15}},"loc":{"start":{"line":19,"column":20},"end":{"line":24,"column":5}},"line":19},"2":{"name":"(anonymous_2)","decl":{"start":{"line":20,"column":37},"end":{"line":20,"column":38}},"loc":{"start":{"line":20,"column":43},"end":{"line":22,"column":9}},"line":20},"3":{"name":"(anonymous_3)","decl":{"start":{"line":23,"column":15},"end":{"line":23,"column":16}},"loc":{"start":{"line":23,"column":21},"end":{"line":23,"column":44}},"line":23},"4":{"name":"(anonymous_4)","decl":{"start":{"line":31,"column":14},"end":{"line":31,"column":15}},"loc":{"start":{"line":31,"column":20},"end":{"line":45,"column":5}},"line":31},"5":{"name":"(anonymous_5)","decl":{"start":{"line":36,"column":25},"end":{"line":36,"column":26}},"loc":{"start":{"line":36,"column":37},"end":{"line":42,"column":17}},"line":36},"6":{"name":"(anonymous_6)","decl":{"start":{"line":56,"column":26},"end":{"line":56,"column":27}},"loc":{"start":{"line":56,"column":33},"end":{"line":56,"column":62}},"line":56},"7":{"name":"(anonymous_7)","decl":{"start":{"line":68,"column":42},"end":{"line":68,"column":43}},"loc":{"start":{"line":69,"column":28},"end":{"line":69,"column":77}},"line":69}},"branchMap":{"0":{"loc":{"start":{"line":32,"column":8},"end":{"line":44,"column":9}},"type":"if","locations":[{"start":{"line":32,"column":8},"end":{"line":44,"column":9}},{"start":{},"end":{}}],"line":32},"1":{"loc":{"start":{"line":37,"column":20},"end":{"line":40,"column":21}},"type":"if","locations":[{"start":{"line":37,"column":20},"end":{"line":40,"column":21}},{"start":{},"end":{}}],"line":37},"2":{"loc":{"start":{"line":61,"column":13},"end":{"line":61,"column":47}},"type":"binary-expr","locations":[{"start":{"line":61,"column":13},"end":{"line":61,"column":22}},{"start":{"line":61,"column":26},"end":{"line":61,"column":32}},{"start":{"line":61,"column":36},"end":{"line":61,"column":47}}],"line":61},"3":{"loc":{"start":{"line":62,"column":13},"end":{"line":62,"column":72}},"type":"binary-expr","locations":[{"start":{"line":62,"column":13},"end":{"line":62,"column":18}},{"start":{"line":62,"column":22},"end":{"line":62,"column":72}}],"line":62},"4":{"loc":{"start":{"line":66,"column":17},"end":{"line":74,"column":17}},"type":"cond-expr","locations":[{"start":{"line":67,"column":20},"end":{"line":71,"column":25}},{"start":{"line":73,"column":20},"end":{"line":73,"column":61}}],"line":66},"5":{"loc":{"start":{"line":73,"column":20},"end":{"line":73,"column":61}},"type":"binary-expr","locations":[{"start":{"line":73,"column":20},"end":{"line":73,"column":30}},{"start":{"line":73,"column":34},"end":{"line":73,"column":61}}],"line":73},"6":{"loc":{"start":{"line":78,"column":13},"end":{"line":84,"column":13}},"type":"binary-expr","locations":[{"start":{"line":78,"column":13},"end":{"line":78,"column":24}},{"start":{"line":78,"column":28},"end":{"line":78,"column":32}},{"start":{"line":79,"column":16},"end":{"line":83,"column":18}}],"line":78}},"s":{"0":1,"1":9,"2":9,"3":9,"4":9,"5":9,"6":9,"7":1,"8":9,"9":9,"10":9,"11":9,"12":9,"13":6,"14":0,"15":0,"16":0,"17":0,"18":0,"19":0,"20":9,"21":3,"22":7},"f":{"0":9,"1":9,"2":1,"3":9,"4":6,"5":0,"6":3,"7":7},"b":{"0":[0,6],"1":[0,0],"2":[9,3,2],"3":[9,1],"4":[6,3],"5":[3,0],"6":[9,6,3]},"_coverageSchema":"1a1c01bbd47fc00a2c39e90264f33305004495a9","hash":"d15f946a23604f92c6055e0c9bea4c9631d5e3a5"}
,"/Users/ankit/React Project/star-wars/star-wars/src/components/Favorites.tsx": {"path":"/Users/ankit/React Project/star-wars/star-wars/src/components/Favorites.tsx","statementMap":{"0":{"start":{"line":4,"column":19},"end":{"line":35,"column":1}},"1":{"start":{"line":5,"column":44},"end":{"line":5,"column":59}},"2":{"start":{"line":7,"column":4},"end":{"line":9,"column":5}},"3":{"start":{"line":8,"column":8},"end":{"line":8,"column":46}},"4":{"start":{"line":11,"column":4},"end":{"line":34,"column":6}},"5":{"start":{"line":16,"column":20},"end":{"line":30,"column":25}},"6":{"start":{"line":29,"column":63},"end":{"line":29,"column":88}}},"fnMap":{"0":{"name":"(anonymous_0)","decl":{"start":{"line":4,"column":19},"end":{"line":4,"column":20}},"loc":{"start":{"line":4,"column":25},"end":{"line":35,"column":1}},"line":4},"1":{"name":"(anonymous_1)","decl":{"start":{"line":15,"column":32},"end":{"line":15,"column":33}},"loc":{"start":{"line":16,"column":20},"end":{"line":30,"column":25}},"line":16},"2":{"name":"(anonymous_2)","decl":{"start":{"line":29,"column":57},"end":{"line":29,"column":58}},"loc":{"start":{"line":29,"column":63},"end":{"line":29,"column":88}},"line":29}},"branchMap":{"0":{"loc":{"start":{"line":7,"column":4},"end":{"line":9,"column":5}},"type":"if","locations":[{"start":{"line":7,"column":4},"end":{"line":9,"column":5}},{"start":{},"end":{}}],"line":7}},"s":{"0":1,"1":3,"2":3,"3":1,"4":2,"5":3,"6":1},"f":{"0":3,"1":3,"2":1},"b":{"0":[1,2]},"_coverageSchema":"1a1c01bbd47fc00a2c39e90264f33305004495a9","hash":"6a7a28945ac2deb49ba631db326aec6f08618c59"}
,"/Users/ankit/React Project/star-wars/star-wars/src/components/Loading.tsx": {"path":"/Users/ankit/React Project/star-wars/star-wars/src/components/Loading.tsx","statementMap":{"0":{"start":{"line":4,"column":26},"end":{"line":11,"column":1}},"1":{"start":{"line":5,"column":4},"end":{"line":10,"column":6}}},"fnMap":{"0":{"name":"(anonymous_0)","decl":{"start":{"line":4,"column":26},"end":{"line":4,"column":27}},"loc":{"start":{"line":4,"column":32},"end":{"line":11,"column":1}},"line":4}},"branchMap":{},"s":{"0":3,"1":4},"f":{"0":4},"b":{},"_coverageSchema":"1a1c01bbd47fc00a2c39e90264f33305004495a9","hash":"9bac0b9d518970aba6a4886dc623c6ce4d62b586"}
,"/Users/ankit/React Project/star-wars/star-wars/src/components/Navbar.tsx": {"path":"/Users/ankit/React Project/star-wars/star-wars/src/components/Navbar.tsx","statementMap":{"0":{"start":{"line":8,"column":25},"end":{"line":36,"column":1}},"1":{"start":{"line":9,"column":35},"end":{"line":9,"column":45}},"2":{"start":{"line":10,"column":27},"end":{"line":10,"column":42}},"3":{"start":{"line":11,"column":27},"end":{"line":11,"column":44}},"4":{"start":{"line":14,"column":4},"end":{"line":35,"column":6}}},"fnMap":{"0":{"name":"(anonymous_0)","decl":{"start":{"line":8,"column":25},"end":{"line":8,"column":26}},"loc":{"start":{"line":8,"column":31},"end":{"line":36,"column":1}},"line":8}},"branchMap":{"0":{"loc":{"start":{"line":26,"column":25},"end":{"line":26,"column":98}},"type":"binary-expr","locations":[{"start":{"line":26,"column":25},"end":{"line":26,"column":43}},{"start":{"line":26,"column":47},"end":{"line":26,"column":98}}],"line":26},"1":{"loc":{"start":{"line":30,"column":25},"end":{"line":30,"column":93}},"type":"cond-expr","locations":[{"start":{"line":30,"column":45},"end":{"line":30,"column":55}},{"start":{"line":30,"column":58},"end":{"line":30,"column":93}}],"line":30}},"s":{"0":1,"1":4,"2":4,"3":4,"4":4},"f":{"0":4},"b":{"0":[4,1],"1":[3,1]},"_coverageSchema":"1a1c01bbd47fc00a2c39e90264f33305004495a9","hash":"faf2a249015eda0e0936bd92cd0106a0a9497800"}
,"/Users/ankit/React Project/star-wars/star-wars/src/components/Pagination.tsx": {"path":"/Users/ankit/React Project/star-wars/star-wars/src/components/Pagination.tsx","statementMap":{"0":{"start":{"line":10,"column":46},"end":{"line":36,"column":1}},"1":{"start":{"line":11,"column":27},"end":{"line":15,"column":5}},"2":{"start":{"line":12,"column":8},"end":{"line":14,"column":9}},"3":{"start":{"line":13,"column":12},"end":{"line":13,"column":42}},"4":{"start":{"line":17,"column":27},"end":{"line":21,"column":5}},"5":{"start":{"line":18,"column":8},"end":{"line":20,"column":9}},"6":{"start":{"line":19,"column":12},"end":{"line":19,"column":42}},"7":{"start":{"line":23,"column":4},"end":{"line":35,"column":6}}},"fnMap":{"0":{"name":"(anonymous_0)","decl":{"start":{"line":10,"column":46},"end":{"line":10,"column":47}},"loc":{"start":{"line":10,"column":93},"end":{"line":36,"column":1}},"line":10},"1":{"name":"(anonymous_1)","decl":{"start":{"line":11,"column":27},"end":{"line":11,"column":28}},"loc":{"start":{"line":11,"column":33},"end":{"line":15,"column":5}},"line":11},"2":{"name":"(anonymous_2)","decl":{"start":{"line":17,"column":27},"end":{"line":17,"column":28}},"loc":{"start":{"line":17,"column":33},"end":{"line":21,"column":5}},"line":17}},"branchMap":{"0":{"loc":{"start":{"line":12,"column":8},"end":{"line":14,"column":9}},"type":"if","locations":[{"start":{"line":12,"column":8},"end":{"line":14,"column":9}},{"start":{},"end":{}}],"line":12},"1":{"loc":{"start":{"line":18,"column":8},"end":{"line":20,"column":9}},"type":"if","locations":[{"start":{"line":18,"column":8},"end":{"line":20,"column":9}},{"start":{},"end":{}}],"line":18}},"s":{"0":2,"1":8,"2":1,"3":1,"4":8,"5":1,"6":1,"7":8},"f":{"0":8,"1":1,"2":1},"b":{"0":[1,0],"1":[1,0]},"_coverageSchema":"1a1c01bbd47fc00a2c39e90264f33305004495a9","hash":"93ee0debeb92e9d6380e5c3dbaecc970e924e37d"}
,"/Users/ankit/React Project/star-wars/star-wars/src/context/FavoritesContext.tsx": {"path":"/Users/ankit/React Project/star-wars/star-wars/src/context/FavoritesContext.tsx","statementMap":{"0":{"start":{"line":10,"column":26},"end":{"line":10,"column":85}},"1":{"start":{"line":12,"column":34},"end":{"line":29,"column":1}},"2":{"start":{"line":13,"column":38},"end":{"line":13,"column":63}},"3":{"start":{"line":15,"column":23},"end":{"line":17,"column":3}},"4":{"start":{"line":16,"column":4},"end":{"line":16,"column":45}},"5":{"start":{"line":16,"column":28},"end":{"line":16,"column":43}},"6":{"start":{"line":19,"column":26},"end":{"line":21,"column":3}},"7":{"start":{"line":20,"column":4},"end":{"line":20,"column":69}},"8":{"start":{"line":20,"column":28},"end":{"line":20,"column":67}},"9":{"start":{"line":20,"column":50},"end":{"line":20,"column":66}},"10":{"start":{"line":23,"column":2},"end":{"line":28,"column":4}},"11":{"start":{"line":31,"column":29},"end":{"line":35,"column":1}},"12":{"start":{"line":32,"column":18},"end":{"line":32,"column":47}},"13":{"start":{"line":33,"column":2},"end":{"line":33,"column":90}},"14":{"start":{"line":33,"column":16},"end":{"line":33,"column":90}},"15":{"start":{"line":34,"column":2},"end":{"line":34,"column":17}}},"fnMap":{"0":{"name":"(anonymous_0)","decl":{"start":{"line":12,"column":34},"end":{"line":12,"column":35}},"loc":{"start":{"line":12,"column":77},"end":{"line":29,"column":1}},"line":12},"1":{"name":"(anonymous_1)","decl":{"start":{"line":15,"column":23},"end":{"line":15,"column":24}},"loc":{"start":{"line":15,"column":44},"end":{"line":17,"column":3}},"line":15},"2":{"name":"(anonymous_2)","decl":{"start":{"line":16,"column":18},"end":{"line":16,"column":19}},"loc":{"start":{"line":16,"column":28},"end":{"line":16,"column":43}},"line":16},"3":{"name":"(anonymous_3)","decl":{"start":{"line":19,"column":26},"end":{"line":19,"column":27}},"loc":{"start":{"line":19,"column":43},"end":{"line":21,"column":3}},"line":19},"4":{"name":"(anonymous_4)","decl":{"start":{"line":20,"column":18},"end":{"line":20,"column":19}},"loc":{"start":{"line":20,"column":28},"end":{"line":20,"column":67}},"line":20},"5":{"name":"(anonymous_5)","decl":{"start":{"line":20,"column":40},"end":{"line":20,"column":41}},"loc":{"start":{"line":20,"column":50},"end":{"line":20,"column":66}},"line":20},"6":{"name":"(anonymous_6)","decl":{"start":{"line":31,"column":29},"end":{"line":31,"column":30}},"loc":{"start":{"line":31,"column":35},"end":{"line":35,"column":1}},"line":31}},"branchMap":{"0":{"loc":{"start":{"line":33,"column":2},"end":{"line":33,"column":90}},"type":"if","locations":[{"start":{"line":33,"column":2},"end":{"line":33,"column":90}},{"start":{},"end":{}}],"line":33}},"s":{"0":2,"1":2,"2":6,"3":6,"4":2,"5":2,"6":6,"7":1,"8":1,"9":1,"10":6,"11":2,"12":9,"13":8,"14":2,"15":6},"f":{"0":6,"1":2,"2":2,"3":1,"4":1,"5":1,"6":9},"b":{"0":[2,6]},"_coverageSchema":"1a1c01bbd47fc00a2c39e90264f33305004495a9","hash":"51ac39b09ed0866584998e37ec235219ba2b200c"}
,"/Users/ankit/React Project/star-wars/star-wars/src/context/ThemeContext.tsx": {"path":"/Users/ankit/React Project/star-wars/star-wars/src/context/ThemeContext.tsx","statementMap":{"0":{"start":{"line":4,"column":21},"end":{"line":7,"column":2}},"1":{"start":{"line":10,"column":29},"end":{"line":27,"column":1}},"2":{"start":{"line":11,"column":30},"end":{"line":11,"column":80}},"3":{"start":{"line":13,"column":4},"end":{"line":16,"column":16}},"4":{"start":{"line":14,"column":8},"end":{"line":14,"column":67}},"5":{"start":{"line":15,"column":8},"end":{"line":15,"column":45}},"6":{"start":{"line":18,"column":24},"end":{"line":20,"column":5}},"7":{"start":{"line":19,"column":8},"end":{"line":19,"column":76}},"8":{"start":{"line":19,"column":33},"end":{"line":19,"column":73}},"9":{"start":{"line":22,"column":4},"end":{"line":26,"column":6}},"10":{"start":{"line":30,"column":24},"end":{"line":30,"column":54}},"11":{"start":{"line":30,"column":30},"end":{"line":30,"column":54}}},"fnMap":{"0":{"name":"(anonymous_0)","decl":{"start":{"line":6,"column":17},"end":{"line":6,"column":18}},"loc":{"start":{"line":6,"column":23},"end":{"line":6,"column":26}},"line":6},"1":{"name":"(anonymous_1)","decl":{"start":{"line":10,"column":29},"end":{"line":10,"column":30}},"loc":{"start":{"line":10,"column":78},"end":{"line":27,"column":1}},"line":10},"2":{"name":"(anonymous_2)","decl":{"start":{"line":13,"column":14},"end":{"line":13,"column":15}},"loc":{"start":{"line":13,"column":20},"end":{"line":16,"column":5}},"line":13},"3":{"name":"(anonymous_3)","decl":{"start":{"line":18,"column":24},"end":{"line":18,"column":25}},"loc":{"start":{"line":18,"column":30},"end":{"line":20,"column":5}},"line":18},"4":{"name":"(anonymous_4)","decl":{"start":{"line":19,"column":17},"end":{"line":19,"column":18}},"loc":{"start":{"line":19,"column":33},"end":{"line":19,"column":73}},"line":19},"5":{"name":"(anonymous_5)","decl":{"start":{"line":30,"column":24},"end":{"line":30,"column":25}},"loc":{"start":{"line":30,"column":30},"end":{"line":30,"column":54}},"line":30}},"branchMap":{"0":{"loc":{"start":{"line":11,"column":39},"end":{"line":11,"column":79}},"type":"binary-expr","locations":[{"start":{"line":11,"column":39},"end":{"line":11,"column":68}},{"start":{"line":11,"column":72},"end":{"line":11,"column":79}}],"line":11},"1":{"loc":{"start":{"line":19,"column":33},"end":{"line":19,"column":73}},"type":"cond-expr","locations":[{"start":{"line":19,"column":57},"end":{"line":19,"column":63}},{"start":{"line":19,"column":66},"end":{"line":19,"column":73}}],"line":19}},"s":{"0":2,"1":2,"2":3,"3":3,"4":3,"5":3,"6":3,"7":2,"8":2,"9":3,"10":2,"11":3},"f":{"0":0,"1":3,"2":3,"3":2,"4":2,"5":3},"b":{"0":[3,1],"1":[1,1]},"_coverageSchema":"1a1c01bbd47fc00a2c39e90264f33305004495a9","hash":"5287c60aafeac4329481c1f7b923814ba33f7c2a"}
,"/Users/ankit/React Project/star-wars/star-wars/src/hooks/useHomeWorld.ts": {"path":"/Users/ankit/React Project/star-wars/star-wars/src/hooks/useHomeWorld.ts","statementMap":{"0":{"start":{"line":3,"column":23},"end":{"line":7,"column":1}},"1":{"start":{"line":4,"column":19},"end":{"line":4,"column":35}},"2":{"start":{"line":5,"column":2},"end":{"line":5,"column":65}},"3":{"start":{"line":5,"column":20},"end":{"line":5,"column":65}},"4":{"start":{"line":6,"column":2},"end":{"line":6,"column":31}},"5":{"start":{"line":9,"column":28},"end":{"line":20,"column":1}},"6":{"start":{"line":10,"column":22},"end":{"line":10,"column":38}},"7":{"start":{"line":11,"column":26},"end":{"line":13,"column":10}},"8":{"start":{"line":14,"column":2},"end":{"line":19,"column":5}},"9":{"start":{"line":16,"column":19},"end":{"line":16,"column":44}}},"fnMap":{"0":{"name":"(anonymous_0)","decl":{"start":{"line":3,"column":23},"end":{"line":3,"column":24}},"loc":{"start":{"line":3,"column":46},"end":{"line":7,"column":1}},"line":3},"1":{"name":"(anonymous_1)","decl":{"start":{"line":9,"column":28},"end":{"line":9,"column":29}},"loc":{"start":{"line":9,"column":51},"end":{"line":20,"column":1}},"line":9},"2":{"name":"(anonymous_2)","decl":{"start":{"line":16,"column":13},"end":{"line":16,"column":14}},"loc":{"start":{"line":16,"column":19},"end":{"line":16,"column":44}},"line":16}},"branchMap":{"0":{"loc":{"start":{"line":5,"column":2},"end":{"line":5,"column":65}},"type":"if","locations":[{"start":{"line":5,"column":2},"end":{"line":5,"column":65}},{"start":{},"end":{}}],"line":5},"1":{"loc":{"start":{"line":11,"column":26},"end":{"line":13,"column":10}},"type":"cond-expr","locations":[{"start":{"line":12,"column":6},"end":{"line":12,"column":74}},{"start":{"line":13,"column":6},"end":{"line":13,"column":10}}],"line":11}},"s":{"0":1,"1":3,"2":0,"3":0,"4":0,"5":1,"6":7,"7":7,"8":7,"9":3},"f":{"0":3,"1":7,"2":3},"b":{"0":[0,0],"1":[0,7]},"_coverageSchema":"1a1c01bbd47fc00a2c39e90264f33305004495a9","hash":"5fe16f7b5c243be762fb986928aa9a16cfa46e4d"}
}
