TN:
SF:src/components/BackButton.tsx
FN:5,(anonymous_0)
FN:9,(anonymous_1)
FNF:2
FNH:2
FNDA:26,(anonymous_0)
FNDA:1,(anonymous_1)
DA:5,2
DA:6,26
DA:8,26
DA:9,1
LF:4
LH:4
BRF:0
BRH:0
end_of_record
TN:
SF:src/components/CharacterCard.tsx
FN:5,(anonymous_0)
FNF:1
FNH:1
FNDA:11,(anonymous_0)
DA:5,2
DA:6,11
DA:8,11
LF:3
LH:3
BRDA:21,0,0,2
BRDA:21,0,1,9
BRF:2
BRH:2
end_of_record
TN:
SF:src/components/CharacterDetails.tsx
FN:15,(anonymous_0)
FN:31,(anonymous_1)
FN:41,(anonymous_2)
FN:44,(anonymous_3)
FN:45,(anonymous_4)
FN:73,(anonymous_5)
FN:80,(anonymous_6)
FN:95,(anonymous_7)
FN:112,(anonymous_8)
FN:123,(anonymous_9)
FN:138,(anonymous_10)
FN:157,(anonymous_11)
FN:173,(anonymous_12)
FN:185,(anonymous_13)
FNF:14
FNH:14
FNDA:26,(anonymous_0)
FNDA:11,(anonymous_1)
FNDA:2,(anonymous_2)
FNDA:2,(anonymous_3)
FNDA:2,(anonymous_4)
FNDA:1,(anonymous_5)
FNDA:1,(anonymous_6)
FNDA:1,(anonymous_7)
FNDA:1,(anonymous_8)
FNDA:1,(anonymous_9)
FNDA:1,(anonymous_10)
FNDA:16,(anonymous_11)
FNDA:16,(anonymous_12)
FNDA:1,(anonymous_13)
DA:15,1
DA:16,26
DA:17,26
DA:18,26
DA:20,26
DA:21,26
DA:22,26
DA:23,26
DA:26,26
DA:27,26
DA:28,26
DA:29,26
DA:31,26
DA:32,11
DA:33,9
DA:34,9
DA:38,26
DA:39,25
DA:41,24
DA:44,24
DA:45,2
DA:51,24
DA:73,1
DA:81,1
DA:82,1
DA:95,1
DA:112,1
DA:124,1
DA:125,1
DA:138,1
DA:158,16
DA:174,16
DA:185,1
LF:33
LH:33
BRDA:21,0,0,26
BRDA:21,0,1,10
BRDA:22,1,0,26
BRDA:22,1,1,8
BRDA:23,2,0,26
BRDA:23,2,1,8
BRDA:32,3,0,9
BRDA:32,3,1,2
BRDA:33,4,0,9
BRDA:33,4,1,8
BRDA:34,5,0,9
BRDA:34,5,1,5
BRDA:38,6,0,1
BRDA:38,6,1,25
BRDA:39,7,0,1
BRDA:39,7,1,24
BRDA:66,8,0,2
BRDA:66,8,1,22
BRDA:106,9,0,2
BRDA:106,9,1,22
BRDA:147,10,0,2
BRDA:147,10,1,22
BRDA:153,11,0,2
BRDA:153,11,1,22
BRDA:155,12,0,16
BRDA:155,12,1,6
BRDA:169,13,0,2
BRDA:169,13,1,22
BRDA:171,14,0,16
BRDA:171,14,1,6
BRDA:187,15,0,2
BRDA:187,15,1,22
BRDA:189,16,0,2
BRDA:189,16,1,22
BRF:34
BRH:34
end_of_record
TN:
SF:src/components/CharacterList.tsx
FN:10,(anonymous_0)
FN:16,(anonymous_1)
FN:17,(anonymous_2)
FN:20,(anonymous_3)
FN:25,(anonymous_4)
FN:30,(anonymous_5)
FN:53,(anonymous_6)
FN:66,(anonymous_7)
FNF:8
FNH:8
FNDA:10,(anonymous_0)
FNDA:10,(anonymous_1)
FNDA:1,(anonymous_2)
FNDA:10,(anonymous_3)
FNDA:7,(anonymous_4)
FNDA:1,(anonymous_5)
FNDA:3,(anonymous_6)
FNDA:8,(anonymous_7)
DA:10,1
DA:11,10
DA:12,10
DA:13,10
DA:14,10
DA:16,10
DA:17,10
DA:18,1
DA:20,10
DA:23,10
DA:25,10
DA:26,7
DA:27,1
DA:28,1
DA:31,1
DA:32,1
DA:33,0
DA:35,0
DA:42,10
DA:53,3
DA:67,8
LF:21
LH:19
BRDA:26,0,0,1
BRDA:26,0,1,6
BRDA:31,1,0,1
BRDA:31,1,1,0
BRDA:59,2,0,10
BRDA:59,2,1,3
BRDA:59,2,2,2
BRDA:60,3,0,10
BRDA:60,3,1,1
BRDA:64,4,0,7
BRDA:64,4,1,3
BRDA:71,5,0,3
BRDA:71,5,1,0
BRDA:76,6,0,10
BRDA:76,6,1,7
BRDA:76,6,2,4
BRF:16
BRH:14
end_of_record
TN:
SF:src/components/Favorites.tsx
FN:4,(anonymous_0)
FN:15,(anonymous_1)
FN:28,(anonymous_2)
FNF:3
FNH:3
FNDA:3,(anonymous_0)
FNDA:3,(anonymous_1)
FNDA:1,(anonymous_2)
DA:4,1
DA:5,3
DA:7,3
DA:8,1
DA:11,2
DA:16,3
DA:28,1
LF:7
LH:7
BRDA:7,0,0,1
BRDA:7,0,1,2
BRF:2
BRH:2
end_of_record
TN:
SF:src/components/Loading.tsx
FN:4,(anonymous_0)
FNF:1
FNH:1
FNDA:4,(anonymous_0)
DA:4,3
DA:5,4
LF:2
LH:2
BRF:0
BRH:0
end_of_record
TN:
SF:src/components/Navbar.tsx
FN:8,(anonymous_0)
FNF:1
FNH:1
FNDA:4,(anonymous_0)
DA:8,1
DA:9,4
DA:10,4
DA:11,4
DA:13,4
LF:5
LH:5
BRDA:25,0,0,4
BRDA:25,0,1,1
BRDA:35,1,0,3
BRDA:35,1,1,1
BRDA:37,2,0,3
BRDA:37,2,1,1
BRF:6
BRH:6
end_of_record
TN:
SF:src/components/Pagination.tsx
FN:10,(anonymous_0)
FN:11,(anonymous_1)
FN:17,(anonymous_2)
FNF:3
FNH:3
FNDA:11,(anonymous_0)
FNDA:1,(anonymous_1)
FNDA:1,(anonymous_2)
DA:10,2
DA:11,11
DA:12,1
DA:13,1
DA:17,11
DA:18,1
DA:19,1
DA:23,11
LF:8
LH:8
BRDA:12,0,0,1
BRDA:12,0,1,0
BRDA:18,1,0,1
BRDA:18,1,1,0
BRF:4
BRH:2
end_of_record
TN:
SF:src/context/FavoritesContext.tsx
FN:12,(anonymous_0)
FN:15,(anonymous_1)
FN:16,(anonymous_2)
FN:19,(anonymous_3)
FN:20,(anonymous_4)
FN:20,(anonymous_5)
FN:31,(anonymous_6)
FNF:7
FNH:7
FNDA:6,(anonymous_0)
FNDA:2,(anonymous_1)
FNDA:2,(anonymous_2)
FNDA:1,(anonymous_3)
FNDA:1,(anonymous_4)
FNDA:1,(anonymous_5)
FNDA:9,(anonymous_6)
DA:10,2
DA:12,2
DA:13,6
DA:15,6
DA:16,2
DA:19,6
DA:20,1
DA:23,6
DA:31,2
DA:32,9
DA:33,8
DA:34,6
LF:12
LH:12
BRDA:33,0,0,2
BRDA:33,0,1,6
BRF:2
BRH:2
end_of_record
TN:
SF:src/context/ThemeContext.tsx
FN:6,(anonymous_0)
FN:10,(anonymous_1)
FN:13,(anonymous_2)
FN:18,(anonymous_3)
FN:19,(anonymous_4)
FN:30,(anonymous_5)
FNF:6
FNH:5
FNDA:0,(anonymous_0)
FNDA:3,(anonymous_1)
FNDA:3,(anonymous_2)
FNDA:2,(anonymous_3)
FNDA:2,(anonymous_4)
FNDA:3,(anonymous_5)
DA:4,2
DA:10,2
DA:11,3
DA:13,3
DA:14,3
DA:15,3
DA:18,3
DA:19,2
DA:22,3
DA:30,3
LF:10
LH:10
BRDA:11,0,0,3
BRDA:11,0,1,1
BRDA:19,1,0,1
BRDA:19,1,1,1
BRF:4
BRH:4
end_of_record
TN:
SF:src/hooks/useHomeWorld.ts
FN:3,(anonymous_0)
FN:9,(anonymous_1)
FN:16,(anonymous_2)
FNF:3
FNH:3
FNDA:4,(anonymous_0)
FNDA:8,(anonymous_1)
FNDA:4,(anonymous_2)
DA:3,1
DA:4,4
DA:5,0
DA:6,0
DA:9,1
DA:10,8
DA:11,8
DA:14,8
DA:16,4
LF:9
LH:7
BRDA:5,0,0,0
BRDA:5,0,1,0
BRDA:11,1,0,1
BRDA:11,1,1,7
BRF:4
BRH:2
end_of_record
