TN:
SF:src/components/BackButton.tsx
FN:4,(anonymous_0)
FN:8,(anonymous_1)
FNF:2
FNH:2
FNDA:10,(anonymous_0)
FNDA:1,(anonymous_1)
DA:4,2
DA:5,10
DA:7,10
DA:8,1
LF:4
LH:4
BRF:0
BRH:0
end_of_record
TN:
SF:src/components/CharacterCard.tsx
FN:5,(anonymous_0)
FNF:1
FNH:1
FNDA:10,(anonymous_0)
DA:5,2
DA:6,10
DA:8,10
LF:3
LH:3
BRDA:16,0,0,1
BRDA:16,0,1,9
BRF:2
BRH:2
end_of_record
TN:
SF:src/components/CharacterDetails.tsx
FN:12,(anonymous_0)
FN:30,(anonymous_1)
FN:56,(anonymous_2)
FN:71,(anonymous_3)
FN:80,(anonymous_4)
FNF:5
FNH:5
FNDA:10,(anonymous_0)
FNDA:1,(anonymous_1)
FNDA:4,(anonymous_2)
FNDA:4,(anonymous_3)
FNDA:1,(anonymous_4)
DA:12,1
DA:13,10
DA:14,10
DA:17,10
DA:19,10
DA:21,10
DA:24,10
DA:27,10
DA:28,9
DA:30,8
DA:32,8
DA:57,4
DA:72,4
DA:80,1
LF:14
LH:14
BRDA:19,0,0,10
BRDA:19,0,1,6
BRDA:21,1,0,10
BRDA:21,1,1,5
BRDA:24,2,0,10
BRDA:24,2,1,5
BRDA:27,3,0,1
BRDA:27,3,1,9
BRDA:28,4,0,1
BRDA:28,4,1,8
BRDA:46,5,0,1
BRDA:46,5,1,7
BRDA:52,6,0,1
BRDA:52,6,1,7
BRDA:54,7,0,4
BRDA:54,7,1,3
BRDA:67,8,0,1
BRDA:67,8,1,7
BRDA:69,9,0,4
BRDA:69,9,1,3
BRDA:81,10,0,1
BRDA:81,10,1,7
BRF:22
BRH:22
end_of_record
TN:
SF:src/components/CharacterList.tsx
FN:12,(anonymous_0)
FN:19,(anonymous_1)
FN:20,(anonymous_2)
FN:23,(anonymous_3)
FN:31,(anonymous_4)
FN:36,(anonymous_5)
FN:56,(anonymous_6)
FN:68,(anonymous_7)
FNF:8
FNH:7
FNDA:9,(anonymous_0)
FNDA:9,(anonymous_1)
FNDA:1,(anonymous_2)
FNDA:9,(anonymous_3)
FNDA:6,(anonymous_4)
FNDA:0,(anonymous_5)
FNDA:3,(anonymous_6)
FNDA:7,(anonymous_7)
DA:12,1
DA:13,9
DA:14,9
DA:15,9
DA:16,9
DA:19,9
DA:20,9
DA:21,1
DA:23,9
DA:27,9
DA:28,9
DA:31,9
DA:32,6
DA:33,0
DA:34,0
DA:37,0
DA:38,0
DA:39,0
DA:41,0
DA:47,9
DA:56,3
DA:69,7
LF:22
LH:16
BRDA:32,0,0,0
BRDA:32,0,1,6
BRDA:37,1,0,0
BRDA:37,1,1,0
BRDA:61,2,0,9
BRDA:61,2,1,3
BRDA:61,2,2,2
BRDA:62,3,0,9
BRDA:62,3,1,1
BRDA:66,4,0,6
BRDA:66,4,1,3
BRDA:73,5,0,3
BRDA:73,5,1,0
BRDA:78,6,0,9
BRDA:78,6,1,6
BRDA:78,6,2,3
BRF:16
BRH:12
end_of_record
TN:
SF:src/components/Favorites.tsx
FN:4,(anonymous_0)
FN:15,(anonymous_1)
FN:29,(anonymous_2)
FNF:3
FNH:3
FNDA:3,(anonymous_0)
FNDA:3,(anonymous_1)
FNDA:1,(anonymous_2)
DA:4,1
DA:5,3
DA:7,3
DA:8,1
DA:11,2
DA:16,3
DA:29,1
LF:7
LH:7
BRDA:7,0,0,1
BRDA:7,0,1,2
BRF:2
BRH:2
end_of_record
TN:
SF:src/components/Loading.tsx
FN:4,(anonymous_0)
FNF:1
FNH:1
FNDA:4,(anonymous_0)
DA:4,3
DA:5,4
LF:2
LH:2
BRF:0
BRH:0
end_of_record
TN:
SF:src/components/Navbar.tsx
FN:8,(anonymous_0)
FNF:1
FNH:1
FNDA:4,(anonymous_0)
DA:8,1
DA:9,4
DA:10,4
DA:11,4
DA:14,4
LF:5
LH:5
BRDA:26,0,0,4
BRDA:26,0,1,1
BRDA:30,1,0,3
BRDA:30,1,1,1
BRF:4
BRH:4
end_of_record
TN:
SF:src/components/Pagination.tsx
FN:10,(anonymous_0)
FN:11,(anonymous_1)
FN:17,(anonymous_2)
FNF:3
FNH:3
FNDA:8,(anonymous_0)
FNDA:1,(anonymous_1)
FNDA:1,(anonymous_2)
DA:10,2
DA:11,8
DA:12,1
DA:13,1
DA:17,8
DA:18,1
DA:19,1
DA:23,8
LF:8
LH:8
BRDA:12,0,0,1
BRDA:12,0,1,0
BRDA:18,1,0,1
BRDA:18,1,1,0
BRF:4
BRH:2
end_of_record
TN:
SF:src/context/FavoritesContext.tsx
FN:12,(anonymous_0)
FN:15,(anonymous_1)
FN:16,(anonymous_2)
FN:19,(anonymous_3)
FN:20,(anonymous_4)
FN:20,(anonymous_5)
FN:31,(anonymous_6)
FNF:7
FNH:7
FNDA:6,(anonymous_0)
FNDA:2,(anonymous_1)
FNDA:2,(anonymous_2)
FNDA:1,(anonymous_3)
FNDA:1,(anonymous_4)
FNDA:1,(anonymous_5)
FNDA:9,(anonymous_6)
DA:10,2
DA:12,2
DA:13,6
DA:15,6
DA:16,2
DA:19,6
DA:20,1
DA:23,6
DA:31,2
DA:32,9
DA:33,8
DA:34,6
LF:12
LH:12
BRDA:33,0,0,2
BRDA:33,0,1,6
BRF:2
BRH:2
end_of_record
TN:
SF:src/context/ThemeContext.tsx
FN:6,(anonymous_0)
FN:10,(anonymous_1)
FN:13,(anonymous_2)
FN:18,(anonymous_3)
FN:19,(anonymous_4)
FN:30,(anonymous_5)
FNF:6
FNH:5
FNDA:0,(anonymous_0)
FNDA:3,(anonymous_1)
FNDA:3,(anonymous_2)
FNDA:2,(anonymous_3)
FNDA:2,(anonymous_4)
FNDA:3,(anonymous_5)
DA:4,2
DA:10,2
DA:11,3
DA:13,3
DA:14,3
DA:15,3
DA:18,3
DA:19,2
DA:22,3
DA:30,3
LF:10
LH:10
BRDA:11,0,0,3
BRDA:11,0,1,1
BRDA:19,1,0,1
BRDA:19,1,1,1
BRF:4
BRH:4
end_of_record
TN:
SF:src/hooks/useHomeWorld.ts
FN:3,(anonymous_0)
FN:9,(anonymous_1)
FN:16,(anonymous_2)
FNF:3
FNH:3
FNDA:3,(anonymous_0)
FNDA:7,(anonymous_1)
FNDA:3,(anonymous_2)
DA:3,1
DA:4,3
DA:5,0
DA:6,0
DA:9,1
DA:10,7
DA:11,7
DA:14,7
DA:16,3
LF:9
LH:7
BRDA:5,0,0,0
BRDA:5,0,1,0
BRDA:11,1,0,0
BRDA:11,1,1,7
BRF:4
BRH:1
end_of_record
